<?xml version="1.0" encoding="UTF-8"?>
<!-- Generated by org.testng.reporters.JUnitXMLReporter -->
<testsuite ignored="3" hostname="DESKTOP-46L3BLL" failures="0" tests="1" name="Default test" time="18.677" errors="0" timestamp="2024-10-21T22:16:00 GST">
  <testcase classname="MyTestCases" name="AddItemToTheCart" time="16.066"/>
  <testcase classname="MyTestCases" name="LogIn" time="0.0">
    <ignored/>
  </testcase> <!-- LogIn -->
  <testcase classname="MyTestCases" name="LogOut" time="0.0">
    <ignored/>
  </testcase> <!-- LogOut -->
  <testcase classname="MyTestCases" name="SignUp" time="0.0">
    <ignored/>
  </testcase> <!-- SignUp -->
</testsuite> <!-- Default test -->
