<?xml version="1.0" encoding="UTF-8"?>
<!-- Generated by org.testng.reporters.JUnitXMLReporter -->
<testsuite ignored="0" hostname="DESKTOP-46L3BLL" failures="0" tests="4" name="Default test" time="45.588" errors="0" timestamp="2024-10-27T22:00:58 GST">
  <testcase classname="MyTestCases" name="SignUp" time="14.459"/>
  <testcase classname="MyTestCases" name="LogOut" time="4.819"/>
  <testcase classname="MyTestCases" name="LogIn" time="1.486"/>
  <testcase classname="MyTestCases" name="AddItemToTheCart" time="21.711"/>
</testsuite> <!-- Default test -->
